<?xml version="1.0" encoding="UTF-8"?>
<!-- Generated by org.testng.reporters.JUnitReportReporter -->
<testsuite skipped="0" hostname="DESKTOP-VUGSIJV" name="test.SelectTest" tests="1" failures="0" timestamp="2020-05-20T20:10:37 EDT" time="8.472" errors="0">
  <testcase name="Selectclass" time="8.472" classname="test.SelectTest"/>
  <system-out/>
</testsuite> <!-- test.SelectTest -->
