<?xml version="1.0" encoding="UTF-8"?>
<!-- Generated by org.testng.reporters.JUnitReportReporter -->
<testsuite skipped="0" hostname="DESKTOP-VUGSIJV" name="test.LoginTest" tests="1" failures="0" timestamp="2020-05-20T19:28:55 EDT" time="11.134" errors="0">
  <testcase name="Usershouldbeabletologin" time="11.134" classname="test.LoginTest"/>
  <system-out/>
</testsuite> <!-- test.LoginTest -->
